2020-02-07 14:38:26 WARNING (SyncWorker_16) [homeassistant.components.prometheus] Could not convert <state binary_sensor.updater=unavailable; friendly_name=Updater @ 2020-02-07T15:38:26.171673+01:00> to float
2020-02-07 14:38:26 WARNING (SyncWorker_15) [homeassistant.components.prometheus] Could not convert <state light.hue_color_spot_3=unavailable; min_mireds=153, max_mireds=500, effect_list=['colorloop', 'random'], friendly_name=Hue color spot 3, supported_features=63 @ 2020-02-07T15:38:26.447081+01:00> to float
2020-02-07 14:38:26 WARNING (SyncWorker_16) [homeassistant.components.prometheus] Could not convert <state light.hallway_2=unavailable; min_mireds=153, max_mireds=500, friendly_name=Hallway 2, supported_features=43 @ 2020-02-07T15:38:26.447634+01:00> to float
2020-02-07 14:38:26 WARNING (SyncWorker_14) [homeassistant.components.prometheus] Could not convert <state light.bathroom_main=unavailable; min_mireds=153, max_mireds=500, friendly_name=Bathroom main, supported_features=43 @ 2020-02-07T15:38:26.448535+01:00> to float
2020-02-07 14:38:26 WARNING (SyncWorker_8) [homeassistant.components.prometheus] Could not convert <state light.hallway_1=unavailable; min_mireds=153, max_mireds=500, friendly_name=Hallway 1, supported_features=43 @ 2020-02-07T15:38:26.449061+01:00> to float
2020-02-07 14:38:26 WARNING (SyncWorker_15) [homeassistant.components.prometheus] Could not convert <state light.toilet=unavailable; friendly_name=Toilet, supported_features=41 @ 2020-02-07T15:38:26.449335+01:00> to float
2020-02-07 14:56:14 WARNING (SyncWorker_5) [homeassistant.components.prometheus] Could not convert <state light.toilet=unavailable; friendly_name=Toilet, supported_features=41 @ 2020-02-07T15:56:14.075327+01:00> to float
2020-02-07 15:50:20 WARNING (SyncWorker_2) [homeassistant.components.prometheus] Could not convert <state light.toilet=unavailable; friendly_name=Toilet, supported_features=41 @ 2020-02-07T16:50:20.039694+01:00> to float
2020-02-07 15:52:26 WARNING (SyncWorker_2) [homeassistant.components.prometheus] Could not convert <state light.bathroom_main=unavailable; min_mireds=153, max_mireds=500, friendly_name=Bathroom main, supported_features=43 @ 2020-02-07T16:52:26.038673+01:00> to float
2020-02-07 16:04:07 WARNING (SyncWorker_18) [homeassistant.components.prometheus] Could not convert <state light.bathroom_main=unavailable; min_mireds=153, max_mireds=500, friendly_name=Bathroom main, supported_features=43 @ 2020-02-07T17:04:07.075795+01:00> to float
2020-02-07 16:24:49 WARNING (SyncWorker_4) [homeassistant.components.prometheus] Could not convert <state light.bathroom_main=unavailable; min_mireds=153, max_mireds=500, friendly_name=Bathroom main, supported_features=43 @ 2020-02-07T17:24:49.074596+01:00> to float
2020-02-07 16:26:43 WARNING (SyncWorker_7) [homeassistant.components.prometheus] Could not convert <state light.hallway_1=unavailable; min_mireds=153, max_mireds=500, friendly_name=Hallway 1, supported_features=43 @ 2020-02-07T17:26:43.068321+01:00> to float
2020-02-07 16:26:49 WARNING (SyncWorker_1) [homeassistant.components.prometheus] Could not convert <state light.hallway_2=unavailable; min_mireds=153, max_mireds=500, friendly_name=Hallway 2, supported_features=43 @ 2020-02-07T17:26:49.056703+01:00> to float
2020-02-07 17:12:33 WARNING (SyncWorker_3) [homeassistant.components.prometheus] Could not convert <state light.bedroom_ivka=unavailable; min_mireds=153, max_mireds=500, effect_list=['colorloop', 'random'], friendly_name=Bedroom Ivka, supported_features=63 @ 2020-02-07T18:12:33.119534+01:00> to float
2020-02-07 17:13:03 WARNING (SyncWorker_13) [homeassistant.components.prometheus] Could not convert <state light.living_room_desk=unavailable; effect_list=['colorloop', 'random'], friendly_name=Living room desk, supported_features=61 @ 2020-02-07T18:13:03.067479+01:00> to float
2020-02-07 17:14:51 WARNING (SyncWorker_18) [homeassistant.components.prometheus] Could not convert <state light.bedroom_ivka=unavailable; min_mireds=153, max_mireds=500, effect_list=['colorloop', 'random'], friendly_name=Bedroom Ivka, supported_features=63 @ 2020-02-07T18:14:51.068200+01:00> to float
2020-02-07 17:15:45 WARNING (SyncWorker_5) [homeassistant.components.prometheus] Could not convert <state light.bedroom_main=unavailable; min_mireds=153, max_mireds=500, friendly_name=Bedroom main, supported_features=43 @ 2020-02-07T18:15:45.004443+01:00> to float
2020-02-07 17:16:50 WARNING (SyncWorker_2) [homeassistant.components.prometheus] Could not convert <state light.bedroom_peter=unavailable; min_mireds=153, max_mireds=500, effect_list=['colorloop', 'random'], friendly_name=Bedroom Peter, supported_features=63 @ 2020-02-07T18:16:50.091140+01:00> to float
2020-02-07 17:17:02 WARNING (SyncWorker_16) [homeassistant.components.prometheus] Could not convert <state light.bedroom_ivka=unavailable; min_mireds=153, max_mireds=500, effect_list=['colorloop', 'random'], friendly_name=Bedroom Ivka, supported_features=63 @ 2020-02-07T18:17:02.075857+01:00> to float
2020-02-07 17:19:44 WARNING (SyncWorker_10) [homeassistant.components.prometheus] Could not convert <state light.bedroom_ivka=unavailable; min_mireds=153, max_mireds=500, effect_list=['colorloop', 'random'], friendly_name=Bedroom Ivka, supported_features=63 @ 2020-02-07T18:19:44.069481+01:00> to float
2020-02-07 17:29:49 WARNING (SyncWorker_17) [homeassistant.components.prometheus] Could not convert <state light.toilet=unavailable; friendly_name=Toilet, supported_features=41 @ 2020-02-07T18:29:49.434340+01:00> to float
2020-02-07 18:02:21 WARNING (SyncWorker_11) [homeassistant.components.prometheus] Could not convert <state light.toilet=unavailable; friendly_name=Toilet, supported_features=41 @ 2020-02-07T19:02:21.038973+01:00> to float
2020-02-07 18:02:45 WARNING (SyncWorker_10) [homeassistant.components.prometheus] Could not convert <state light.bathroom_main=unavailable; min_mireds=153, max_mireds=500, friendly_name=Bathroom main, supported_features=43 @ 2020-02-07T19:02:45.034264+01:00> to float
2020-02-07 18:04:38 WARNING (SyncWorker_14) [homeassistant.components.prometheus] Could not convert <state light.bedroom_peter=unavailable; min_mireds=153, max_mireds=500, effect_list=['colorloop', 'random'], friendly_name=Bedroom Peter, supported_features=63 @ 2020-02-07T19:04:38.042936+01:00> to float
2020-02-07 18:12:19 WARNING (SyncWorker_17) [homeassistant.components.prometheus] Could not convert <state light.bedroom_ivka=unavailable; min_mireds=153, max_mireds=500, effect_list=['colorloop', 'random'], friendly_name=Bedroom Ivka, supported_features=63 @ 2020-02-07T19:12:19.048968+01:00> to float
2020-02-07 18:35:57 WARNING (SyncWorker_1) [homeassistant.components.prometheus] Could not convert <state light.bedroom_peter=unavailable; min_mireds=153, max_mireds=500, effect_list=['colorloop', 'random'], friendly_name=Bedroom Peter, supported_features=63 @ 2020-02-07T19:35:57.064199+01:00> to float
2020-02-07 18:44:51 WARNING (SyncWorker_7) [homeassistant.components.prometheus] Could not convert <state light.bedroom_ivka=unavailable; min_mireds=153, max_mireds=500, effect_list=['colorloop', 'random'], friendly_name=Bedroom Ivka, supported_features=63 @ 2020-02-07T19:44:51.089066+01:00> to float
2020-02-07 18:51:45 WARNING (SyncWorker_6) [homeassistant.components.prometheus] Could not convert <state light.bedroom_peter=unavailable; min_mireds=153, max_mireds=500, effect_list=['colorloop', 'random'], friendly_name=Bedroom Peter, supported_features=63 @ 2020-02-07T19:51:45.031128+01:00> to float
2020-02-07 18:58:27 WARNING (SyncWorker_0) [homeassistant.components.prometheus] Could not convert <state light.bedroom_ivka=unavailable; min_mireds=153, max_mireds=500, effect_list=['colorloop', 'random'], friendly_name=Bedroom Ivka, supported_features=63 @ 2020-02-07T19:58:27.047096+01:00> to float
2020-02-07 19:00:33 WARNING (SyncWorker_13) [homeassistant.components.prometheus] Could not convert <state light.bedroom_ivka=unavailable; min_mireds=153, max_mireds=500, effect_list=['colorloop', 'random'], friendly_name=Bedroom Ivka, supported_features=63 @ 2020-02-07T20:00:33.043992+01:00> to float
2020-02-07 19:06:03 WARNING (SyncWorker_13) [homeassistant.components.prometheus] Could not convert <state light.bedroom_peter=unavailable; min_mireds=153, max_mireds=500, effect_list=['colorloop', 'random'], friendly_name=Bedroom Peter, supported_features=63 @ 2020-02-07T20:06:03.052212+01:00> to float
2020-02-07 19:24:02 WARNING (SyncWorker_15) [homeassistant.components.prometheus] Could not convert <state light.bedroom_ivka=unavailable; min_mireds=153, max_mireds=500, effect_list=['colorloop', 'random'], friendly_name=Bedroom Ivka, supported_features=63 @ 2020-02-07T20:24:02.058303+01:00> to float
2020-02-07 19:24:32 WARNING (SyncWorker_13) [homeassistant.components.prometheus] Could not convert <state light.bedroom_peter=unavailable; min_mireds=153, max_mireds=500, effect_list=['colorloop', 'random'], friendly_name=Bedroom Peter, supported_features=63 @ 2020-02-07T20:24:32.090543+01:00> to float
2020-02-07 19:25:50 WARNING (SyncWorker_0) [homeassistant.components.prometheus] Could not convert <state light.bedroom_ivka=unavailable; min_mireds=153, max_mireds=500, effect_list=['colorloop', 'random'], friendly_name=Bedroom Ivka, supported_features=63 @ 2020-02-07T20:25:50.055391+01:00> to float
2020-02-07 19:28:14 WARNING (SyncWorker_6) [homeassistant.components.prometheus] Could not convert <state light.bedroom_peter=unavailable; min_mireds=153, max_mireds=500, effect_list=['colorloop', 'random'], friendly_name=Bedroom Peter, supported_features=63 @ 2020-02-07T20:28:14.048728+01:00> to float
2020-02-07 19:45:09 WARNING (SyncWorker_16) [homeassistant.components.prometheus] Could not convert <state light.bedroom_peter=unavailable; min_mireds=153, max_mireds=500, effect_list=['colorloop', 'random'], friendly_name=Bedroom Peter, supported_features=63 @ 2020-02-07T20:45:09.047515+01:00> to float
2020-02-07 19:48:02 WARNING (SyncWorker_18) [homeassistant.components.prometheus] Could not convert <state light.bedroom_peter=unavailable; min_mireds=153, max_mireds=500, effect_list=['colorloop', 'random'], friendly_name=Bedroom Peter, supported_features=63 @ 2020-02-07T20:48:02.046122+01:00> to float
2020-02-07 19:48:38 WARNING (SyncWorker_3) [homeassistant.components.prometheus] Could not convert <state light.bedroom_peter=unavailable; min_mireds=153, max_mireds=500, effect_list=['colorloop', 'random'], friendly_name=Bedroom Peter, supported_features=63 @ 2020-02-07T20:48:38.046057+01:00> to float
2020-02-07 19:48:44 WARNING (SyncWorker_11) [homeassistant.components.prometheus] Could not convert <state light.bedroom_ivka=unavailable; min_mireds=153, max_mireds=500, effect_list=['colorloop', 'random'], friendly_name=Bedroom Ivka, supported_features=63 @ 2020-02-07T20:48:44.040158+01:00> to float
2020-02-07 19:50:56 WARNING (SyncWorker_12) [homeassistant.components.prometheus] Could not convert <state light.bedroom_peter=unavailable; min_mireds=153, max_mireds=500, effect_list=['colorloop', 'random'], friendly_name=Bedroom Peter, supported_features=63 @ 2020-02-07T20:50:56.049603+01:00> to float
2020-02-07 19:54:49 WARNING (SyncWorker_14) [homeassistant.components.prometheus] Could not convert <state light.bedroom_ivka=unavailable; min_mireds=153, max_mireds=500, effect_list=['colorloop', 'random'], friendly_name=Bedroom Ivka, supported_features=63 @ 2020-02-07T20:54:49.072431+01:00> to float
2020-02-07 19:55:25 WARNING (SyncWorker_5) [homeassistant.components.prometheus] Could not convert <state light.bedroom_ivka=unavailable; min_mireds=153, max_mireds=500, effect_list=['colorloop', 'random'], friendly_name=Bedroom Ivka, supported_features=63 @ 2020-02-07T20:55:25.078707+01:00> to float
2020-02-07 20:00:19 WARNING (SyncWorker_8) [homeassistant.components.prometheus] Could not convert <state light.bedroom_ivka=unavailable; min_mireds=153, max_mireds=500, effect_list=['colorloop', 'random'], friendly_name=Bedroom Ivka, supported_features=63 @ 2020-02-07T21:00:19.066820+01:00> to float
2020-02-07 20:03:49 WARNING (SyncWorker_2) [homeassistant.components.prometheus] Could not convert <state light.bedroom_peter=unavailable; min_mireds=153, max_mireds=500, effect_list=['colorloop', 'random'], friendly_name=Bedroom Peter, supported_features=63 @ 2020-02-07T21:03:49.083919+01:00> to float
2020-02-07 20:04:31 WARNING (SyncWorker_12) [homeassistant.components.prometheus] Could not convert <state light.bedroom_ivka=unavailable; min_mireds=153, max_mireds=500, effect_list=['colorloop', 'random'], friendly_name=Bedroom Ivka, supported_features=63 @ 2020-02-07T21:04:31.079604+01:00> to float
2020-02-07 20:08:24 WARNING (SyncWorker_0) [homeassistant.components.prometheus] Could not convert <state light.bedroom_peter=unavailable; min_mireds=153, max_mireds=500, effect_list=['colorloop', 'random'], friendly_name=Bedroom Peter, supported_features=63 @ 2020-02-07T21:08:24.057491+01:00> to float
2020-02-07 20:33:27 WARNING (SyncWorker_2) [homeassistant.components.prometheus] Could not convert <state light.bedroom_peter=unavailable; min_mireds=153, max_mireds=500, effect_list=['colorloop', 'random'], friendly_name=Bedroom Peter, supported_features=63 @ 2020-02-07T21:33:27.060441+01:00> to float
2020-02-07 20:38:27 WARNING (SyncWorker_19) [homeassistant.components.prometheus] Could not convert <state light.bedroom_peter=unavailable; min_mireds=153, max_mireds=500, effect_list=['colorloop', 'random'], friendly_name=Bedroom Peter, supported_features=63 @ 2020-02-07T21:38:27.065937+01:00> to float
2020-02-07 20:38:39 WARNING (SyncWorker_9) [homeassistant.components.prometheus] Could not convert <state light.bedroom_ivka=unavailable; min_mireds=153, max_mireds=500, effect_list=['colorloop', 'random'], friendly_name=Bedroom Ivka, supported_features=63 @ 2020-02-07T21:38:39.142087+01:00> to float
